The following package(s) will be updated:

# CRAN ===============================
- Matrix        [1.3-2 -> 1.3-4]
- R6            [2.5.0 -> 2.5.1]
- Rcpp          [1.0.6 -> 1.0.7]
- cachem        [1.0.4 -> 1.0.6]
- cli           [2.4.0 -> 3.0.1]
- data.table    [1.14.0 -> 1.14.2]
- digest        [0.6.27 -> 0.6.28]
- ellipsis      [0.3.1 -> 0.3.2]
- fansi         [0.4.2 -> 0.5.0]
- hms           [1.0.0 -> 1.1.1]
- lattice       [0.20-41 -> 0.20-44]
- lifecycle     [1.0.0 -> 1.0.1]
- pillar        [1.6.0 -> 1.6.3]
- processx      [3.5.1 -> 3.5.2]
- rlang         [0.4.10 -> 0.4.11]
- stringi       [1.5.3 -> 1.7.5]
- tarchetypes   [0.1.1 -> 0.3.1]
- targets       [0.3.1 -> 0.8.0]
- tibble        [3.1.1 -> 3.1.5]
- tidyselect    [1.1.0 -> 1.1.1]
- utf8          [1.2.1 -> 1.2.2]
- vctrs         [0.3.7 -> 0.3.8]
- evaluate      [* -> 0.14]
- highr         [* -> 0.9]
- knitr         [* -> 1.36]
- xfun          [* -> 0.26]
- yaml          [* -> 2.2.1]

* Querying repositories for available source packages ... Done!
Retrieving 'https://cran.rstudio.com/src/contrib/Archive/lattice/lattice_0.20-44.tar.gz' ...
	OK [downloaded 389.9 Kb in 0.2 secs]
Retrieving 'https://cran.rstudio.com/src/contrib/tarchetypes_0.3.1.tar.gz' ...
	OK [file is up to date]
Retrieving 'https://cran.rstudio.com/src/contrib/targets_0.8.0.tar.gz' ...
	OK [file is up to date]
Installing lattice [0.20-44] ...
	OK [built from source]
Installing Matrix [1.3-4] ...
	OK [copied local binary]
Installing R6 [2.5.1] ...
	OK [copied local binary]
Installing Rcpp [1.0.7] ...
	OK [copied local binary]
Installing rlang [0.4.11] ...
	OK [copied local binary]
Installing cachem [1.0.6] ...
	OK [copied local binary]
Installing cli [3.0.1] ...
	OK [copied local binary]
Installing data.table [1.14.2] ...
	OK [copied local binary]
Installing digest [0.6.28] ...
	OK [copied local binary]
Installing ellipsis [0.3.2] ...
	OK [copied local binary]
Installing fansi [0.5.0] ...
	OK [copied local binary]
Installing lifecycle [1.0.1] ...
	OK [copied local binary]
Installing vctrs [0.3.8] ...
	OK [copied local binary]
Installing hms [1.1.1] ...
	OK [copied local binary]
Installing utf8 [1.2.2] ...
	OK [copied local binary]
Installing pillar [1.6.3] ...
	OK [copied local binary]
Installing processx [3.5.2] ...
	OK [copied local binary]
Installing stringi [1.7.5] ...
	OK [copied local binary]
Installing evaluate [0.14] ...
	OK [copied local binary]
Installing xfun [0.26] ...
	OK [copied local binary]
Installing highr [0.9] ...
	OK [copied local binary]
Installing yaml [2.2.1] ...
	OK [copied local binary]
Installing knitr [1.36] ...
	OK [copied local binary]
Installing tibble [3.1.5] ...
	OK [copied local binary]
Installing tidyselect [1.1.1] ...
	OK [copied local binary]
Installing targets [0.8.0] ...
	OK [built from source]
Installing tarchetypes [0.3.1] ...
	OK [built from source]
The dependency tree was repaired during package installation:
             _
  Matrix       [1.3-4]
  R6           [2.5.1]
  Rcpp         [1.0.7]
  cachem       [1.0.6]
  cli          [3.0.1]
  data.table   [1.14.2]
  digest       [0.6.28]
  ellipsis     [0.3.2]
  evaluate     [0.14]
  fansi        [0.5.0]
  highr        [0.9]
  hms          [1.1.1]
  knitr        [1.36]
  lifecycle    [1.0.1]
  pillar       [1.6.3]
  processx     [3.5.2]
  rlang        [0.4.11]
  stringi      [1.7.5]
  tibble       [3.1.5]
  tidyselect   [1.1.1]
  utf8         [1.2.2]
  vctrs        [0.3.8]
  xfun         [0.26]
  yaml         [2.2.1]

Call `renv::snapshot()` to capture these dependencies in the lockfile.

Warning message:
Project requested R version '4.0.5' but '4.1.1' is currently being used 
[1] "This is running on HiperGator!"
sbatch: error: Invalid user for SlurmUser slurm, ignored
sbatch: fatal: Unable to process configuration file
[1] "#!/bin/sh\n# From https://github.com/mschubert/clustermq/wiki/SLURM\n#SBATCH --job-name=cmq8085        # job name\n#SBATCH --partition=hpg-default          # partition\n##SBATCH --mail-type=ALL                 # uncomment for notifications for each worker\n##SBATCH --mail-user=ericscott@ufl.edu   # uncomment for notifications for each worker\n#SBATCH --output=logs/workers/pipeline%j_%a.out # you can add .%a for array index\n#SBATCH --error=logs/workers/pipeline%j_%a.err   # log file\n#SBATCH --mem-per-cpu=8GB     # memory\n#SBATCH --array=1-2               # job array\n#SBATCH --cpus-per-task=1\n#SBATCH --time=1440\n\nsource /etc/profile\n\nulimit -v $(( 1024 * 8192 ))\nmodule load R/4.0              \nmodule load pandoc         # Uncomment if Rmarkdown is rendered.\nCMQ_AUTH=sxjyw Rscript -e 'clustermq:::worker(\"tcp://c0700a-s7.ufhpc:8085\")'"
Error in try(self$crew$finalize()) : attempt to apply non-function
In addition: Warning messages:
1: found non-standard resource group num_cores in resources list. Unstructrued resources list are deprecated in targets >= 0.5.0.9000 (2021-06-07). Use tar_resources() and various tar_resources_*() helper functions to create the resources argument to tar_target() and tar_option_set(). 
2: found non-standard resource group num_cores in resources list. Unstructrued resources list are deprecated in targets >= 0.5.0.9000 (2021-06-07). Use tar_resources() and various tar_resources_*() helper functions to create the resources argument to tar_target() and tar_option_set(). 
3: found non-standard resource group num_cores in resources list. Unstructrued resources list are deprecated in targets >= 0.5.0.9000 (2021-06-07). Use tar_resources() and various tar_resources_*() helper functions to create the resources argument to tar_target() and tar_option_set(). 
4: found non-standard resource group num_cores in resources list. Unstructrued resources list are deprecated in targets >= 0.5.0.9000 (2021-06-07). Use tar_resources() and various tar_resources_*() helper functions to create the resources argument to tar_target() and tar_option_set(). 
5: found non-standard resource group num_cores in resources list. Unstructrued resources list are deprecated in targets >= 0.5.0.9000 (2021-06-07). Use tar_resources() and various tar_resources_*() helper functions to create the resources argument to tar_target() and tar_option_set(). 
6: found non-standard resource group num_cores in resources list. Unstructrued resources list are deprecated in targets >= 0.5.0.9000 (2021-06-07). Use tar_resources() and various tar_resources_*() helper functions to create the resources argument to tar_target() and tar_option_set(). 
• end pipeline
Error in (function (n_jobs, ..., log_worker = FALSE, verbose = TRUE)  : 
  Job submission failed with error code 1
